{
  "0 debug pnpm:scope": {
    "selected": 1
  },
  "1 debug pnpm:package-manifest": {
    "initial": {
      "name": "silence",
      "version": "0.0.1",
      "scripts": {
        "dev": "vite dev",
        "build": "vite build",
        "package": "svelte-kit package",
        "preview": "vite preview",
        "prepare": "svelte-kit sync",
        "check": "svelte-check --tsconfig ./tsconfig.json",
        "check:watch": "svelte-check --tsconfig ./tsconfig.json --watch",
        "lint": "prettier --check --plugin-search-dir=. . && eslint .",
        "format": "prettier --write --plugin-search-dir=. ."
      },
      "devDependencies": {
        "@sveltejs/adapter-auto": "next",
        "@sveltejs/kit": "next",
        "@typescript-eslint/eslint-plugin": "^5.27.0",
        "@typescript-eslint/parser": "^5.27.0",
        "eslint": "^8.16.0",
        "eslint-config-prettier": "^8.3.0",
        "eslint-plugin-svelte3": "^4.0.0",
        "prettier": "^2.6.2",
        "prettier-plugin-svelte": "^2.7.0",
        "svelte": "^3.44.0",
        "svelte-check": "^2.7.1",
        "svelte-preprocess": "^4.10.6",
        "tslib": "^2.3.1",
        "typescript": "^4.7.2",
        "vite": "^2.9.13"
      },
      "type": "module",
      "dependencies": {
        "sass": "^1.53.0"
      }
    },
    "prefix": "/home/luke/Projects/themes/silence/silence"
  },
  "2 debug pnpm:context": {
    "currentLockfileExists": false,
    "storeDir": "/home/luke/.local/share/pnpm/store/v3",
    "virtualStoreDir": "/home/luke/Projects/themes/silence/silence/node_modules/.pnpm"
  },
  "3 info pnpm": {
    "message": "Lockfile is up-to-date, resolution step is skipped",
    "prefix": "/home/luke/Projects/themes/silence/silence"
  },
  "4 debug pnpm:stats": {
    "prefix": "/home/luke/Projects/themes/silence/silence",
    "removed": 0
  },
  "5 debug pnpm:stage": {
    "prefix": "/home/luke/Projects/themes/silence/silence",
    "stage": "importing_started"
  },
  "6 warn pnpm:install-check": {
    "message": "Unsupported platform for /fsevents/2.3.2: wanted {\"cpu\":[\"any\"],\"os\":[\"darwin\"],\"libc\":[\"any\"]} (current: {\"os\":\"linux\",\"cpu\":\"x64\",\"libc\":\"glibc\"})",
    "prefix": "/home/luke/Projects/themes/silence/silence"
  },
  "7 debug pnpm:skipped-optional-dependency": {
    "details": "Error: Unsupported platform for /fsevents/2.3.2: wanted {\"cpu\":[\"any\"],\"os\":[\"darwin\"],\"libc\":[\"any\"]} (current: {\"os\":\"linux\",\"cpu\":\"x64\",\"libc\":\"glibc\"})",
    "package": {
      "id": "/fsevents/2.3.2",
      "name": "fsevents",
      "version": "2.3.2"
    },
    "prefix": "/home/luke/Projects/themes/silence/silence",
    "reason": "unsupported_platform"
  },
  "8 warn pnpm:install-check": {
    "message": "Unsupported platform for /esbuild-android-64/0.14.48: wanted {\"cpu\":[\"x64\"],\"os\":[\"android\"],\"libc\":[\"any\"]} (current: {\"os\":\"linux\",\"cpu\":\"x64\",\"libc\":\"glibc\"})",
    "prefix": "/home/luke/Projects/themes/silence/silence"
  },
  "9 debug pnpm:skipped-optional-dependency": {
    "details": "Error: Unsupported platform for /esbuild-android-64/0.14.48: wanted {\"cpu\":[\"x64\"],\"os\":[\"android\"],\"libc\":[\"any\"]} (current: {\"os\":\"linux\",\"cpu\":\"x64\",\"libc\":\"glibc\"})",
    "package": {
      "id": "/esbuild-android-64/0.14.48",
      "name": "esbuild-android-64",
      "version": "0.14.48"
    },
    "prefix": "/home/luke/Projects/themes/silence/silence",
    "reason": "unsupported_platform"
  },
  "10 warn pnpm:install-check": {
    "message": "Unsupported platform for /esbuild-android-arm64/0.14.48: wanted {\"cpu\":[\"arm64\"],\"os\":[\"android\"],\"libc\":[\"any\"]} (current: {\"os\":\"linux\",\"cpu\":\"x64\",\"libc\":\"glibc\"})",
    "prefix": "/home/luke/Projects/themes/silence/silence"
  },
  "11 debug pnpm:skipped-optional-dependency": {
    "details": "Error: Unsupported platform for /esbuild-android-arm64/0.14.48: wanted {\"cpu\":[\"arm64\"],\"os\":[\"android\"],\"libc\":[\"any\"]} (current: {\"os\":\"linux\",\"cpu\":\"x64\",\"libc\":\"glibc\"})",
    "package": {
      "id": "/esbuild-android-arm64/0.14.48",
      "name": "esbuild-android-arm64",
      "version": "0.14.48"
    },
    "prefix": "/home/luke/Projects/themes/silence/silence",
    "reason": "unsupported_platform"
  },
  "12 warn pnpm:install-check": {
    "message": "Unsupported platform for /esbuild-darwin-64/0.14.48: wanted {\"cpu\":[\"x64\"],\"os\":[\"darwin\"],\"libc\":[\"any\"]} (current: {\"os\":\"linux\",\"cpu\":\"x64\",\"libc\":\"glibc\"})",
    "prefix": "/home/luke/Projects/themes/silence/silence"
  },
  "13 debug pnpm:skipped-optional-dependency": {
    "details": "Error: Unsupported platform for /esbuild-darwin-64/0.14.48: wanted {\"cpu\":[\"x64\"],\"os\":[\"darwin\"],\"libc\":[\"any\"]} (current: {\"os\":\"linux\",\"cpu\":\"x64\",\"libc\":\"glibc\"})",
    "package": {
      "id": "/esbuild-darwin-64/0.14.48",
      "name": "esbuild-darwin-64",
      "version": "0.14.48"
    },
    "prefix": "/home/luke/Projects/themes/silence/silence",
    "reason": "unsupported_platform"
  },
  "14 warn pnpm:install-check": {
    "message": "Unsupported platform for /esbuild-darwin-arm64/0.14.48: wanted {\"cpu\":[\"arm64\"],\"os\":[\"darwin\"],\"libc\":[\"any\"]} (current: {\"os\":\"linux\",\"cpu\":\"x64\",\"libc\":\"glibc\"})",
    "prefix": "/home/luke/Projects/themes/silence/silence"
  },
  "15 debug pnpm:skipped-optional-dependency": {
    "details": "Error: Unsupported platform for /esbuild-darwin-arm64/0.14.48: wanted {\"cpu\":[\"arm64\"],\"os\":[\"darwin\"],\"libc\":[\"any\"]} (current: {\"os\":\"linux\",\"cpu\":\"x64\",\"libc\":\"glibc\"})",
    "package": {
      "id": "/esbuild-darwin-arm64/0.14.48",
      "name": "esbuild-darwin-arm64",
      "version": "0.14.48"
    },
    "prefix": "/home/luke/Projects/themes/silence/silence",
    "reason": "unsupported_platform"
  },
  "16 warn pnpm:install-check": {
    "message": "Unsupported platform for /esbuild-freebsd-64/0.14.48: wanted {\"cpu\":[\"x64\"],\"os\":[\"freebsd\"],\"libc\":[\"any\"]} (current: {\"os\":\"linux\",\"cpu\":\"x64\",\"libc\":\"glibc\"})",
    "prefix": "/home/luke/Projects/themes/silence/silence"
  },
  "17 debug pnpm:skipped-optional-dependency": {
    "details": "Error: Unsupported platform for /esbuild-freebsd-64/0.14.48: wanted {\"cpu\":[\"x64\"],\"os\":[\"freebsd\"],\"libc\":[\"any\"]} (current: {\"os\":\"linux\",\"cpu\":\"x64\",\"libc\":\"glibc\"})",
    "package": {
      "id": "/esbuild-freebsd-64/0.14.48",
      "name": "esbuild-freebsd-64",
      "version": "0.14.48"
    },
    "prefix": "/home/luke/Projects/themes/silence/silence",
    "reason": "unsupported_platform"
  },
  "18 warn pnpm:install-check": {
    "message": "Unsupported platform for /esbuild-freebsd-arm64/0.14.48: wanted {\"cpu\":[\"arm64\"],\"os\":[\"freebsd\"],\"libc\":[\"any\"]} (current: {\"os\":\"linux\",\"cpu\":\"x64\",\"libc\":\"glibc\"})",
    "prefix": "/home/luke/Projects/themes/silence/silence"
  },
  "19 debug pnpm:skipped-optional-dependency": {
    "details": "Error: Unsupported platform for /esbuild-freebsd-arm64/0.14.48: wanted {\"cpu\":[\"arm64\"],\"os\":[\"freebsd\"],\"libc\":[\"any\"]} (current: {\"os\":\"linux\",\"cpu\":\"x64\",\"libc\":\"glibc\"})",
    "package": {
      "id": "/esbuild-freebsd-arm64/0.14.48",
      "name": "esbuild-freebsd-arm64",
      "version": "0.14.48"
    },
    "prefix": "/home/luke/Projects/themes/silence/silence",
    "reason": "unsupported_platform"
  },
  "20 warn pnpm:install-check": {
    "message": "Unsupported platform for /esbuild-linux-32/0.14.48: wanted {\"cpu\":[\"ia32\"],\"os\":[\"linux\"],\"libc\":[\"any\"]} (current: {\"os\":\"linux\",\"cpu\":\"x64\",\"libc\":\"glibc\"})",
    "prefix": "/home/luke/Projects/themes/silence/silence"
  },
  "21 debug pnpm:skipped-optional-dependency": {
    "details": "Error: Unsupported platform for /esbuild-linux-32/0.14.48: wanted {\"cpu\":[\"ia32\"],\"os\":[\"linux\"],\"libc\":[\"any\"]} (current: {\"os\":\"linux\",\"cpu\":\"x64\",\"libc\":\"glibc\"})",
    "package": {
      "id": "/esbuild-linux-32/0.14.48",
      "name": "esbuild-linux-32",
      "version": "0.14.48"
    },
    "prefix": "/home/luke/Projects/themes/silence/silence",
    "reason": "unsupported_platform"
  },
  "22 warn pnpm:install-check": {
    "message": "Unsupported platform for /esbuild-linux-arm/0.14.48: wanted {\"cpu\":[\"arm\"],\"os\":[\"linux\"],\"libc\":[\"any\"]} (current: {\"os\":\"linux\",\"cpu\":\"x64\",\"libc\":\"glibc\"})",
    "prefix": "/home/luke/Projects/themes/silence/silence"
  },
  "23 debug pnpm:skipped-optional-dependency": {
    "details": "Error: Unsupported platform for /esbuild-linux-arm/0.14.48: wanted {\"cpu\":[\"arm\"],\"os\":[\"linux\"],\"libc\":[\"any\"]} (current: {\"os\":\"linux\",\"cpu\":\"x64\",\"libc\":\"glibc\"})",
    "package": {
      "id": "/esbuild-linux-arm/0.14.48",
      "name": "esbuild-linux-arm",
      "version": "0.14.48"
    },
    "prefix": "/home/luke/Projects/themes/silence/silence",
    "reason": "unsupported_platform"
  },
  "24 warn pnpm:install-check": {
    "message": "Unsupported platform for /esbuild-linux-arm64/0.14.48: wanted {\"cpu\":[\"arm64\"],\"os\":[\"linux\"],\"libc\":[\"any\"]} (current: {\"os\":\"linux\",\"cpu\":\"x64\",\"libc\":\"glibc\"})",
    "prefix": "/home/luke/Projects/themes/silence/silence"
  },
  "25 debug pnpm:skipped-optional-dependency": {
    "details": "Error: Unsupported platform for /esbuild-linux-arm64/0.14.48: wanted {\"cpu\":[\"arm64\"],\"os\":[\"linux\"],\"libc\":[\"any\"]} (current: {\"os\":\"linux\",\"cpu\":\"x64\",\"libc\":\"glibc\"})",
    "package": {
      "id": "/esbuild-linux-arm64/0.14.48",
      "name": "esbuild-linux-arm64",
      "version": "0.14.48"
    },
    "prefix": "/home/luke/Projects/themes/silence/silence",
    "reason": "unsupported_platform"
  },
  "26 warn pnpm:install-check": {
    "message": "Unsupported platform for /esbuild-linux-mips64le/0.14.48: wanted {\"cpu\":[\"mips64el\"],\"os\":[\"linux\"],\"libc\":[\"any\"]} (current: {\"os\":\"linux\",\"cpu\":\"x64\",\"libc\":\"glibc\"})",
    "prefix": "/home/luke/Projects/themes/silence/silence"
  },
  "27 debug pnpm:skipped-optional-dependency": {
    "details": "Error: Unsupported platform for /esbuild-linux-mips64le/0.14.48: wanted {\"cpu\":[\"mips64el\"],\"os\":[\"linux\"],\"libc\":[\"any\"]} (current: {\"os\":\"linux\",\"cpu\":\"x64\",\"libc\":\"glibc\"})",
    "package": {
      "id": "/esbuild-linux-mips64le/0.14.48",
      "name": "esbuild-linux-mips64le",
      "version": "0.14.48"
    },
    "prefix": "/home/luke/Projects/themes/silence/silence",
    "reason": "unsupported_platform"
  },
  "28 warn pnpm:install-check": {
    "message": "Unsupported platform for /esbuild-linux-ppc64le/0.14.48: wanted {\"cpu\":[\"ppc64\"],\"os\":[\"linux\"],\"libc\":[\"any\"]} (current: {\"os\":\"linux\",\"cpu\":\"x64\",\"libc\":\"glibc\"})",
    "prefix": "/home/luke/Projects/themes/silence/silence"
  },
  "29 debug pnpm:skipped-optional-dependency": {
    "details": "Error: Unsupported platform for /esbuild-linux-ppc64le/0.14.48: wanted {\"cpu\":[\"ppc64\"],\"os\":[\"linux\"],\"libc\":[\"any\"]} (current: {\"os\":\"linux\",\"cpu\":\"x64\",\"libc\":\"glibc\"})",
    "package": {
      "id": "/esbuild-linux-ppc64le/0.14.48",
      "name": "esbuild-linux-ppc64le",
      "version": "0.14.48"
    },
    "prefix": "/home/luke/Projects/themes/silence/silence",
    "reason": "unsupported_platform"
  },
  "30 warn pnpm:install-check": {
    "message": "Unsupported platform for /esbuild-linux-riscv64/0.14.48: wanted {\"cpu\":[\"riscv64\"],\"os\":[\"linux\"],\"libc\":[\"any\"]} (current: {\"os\":\"linux\",\"cpu\":\"x64\",\"libc\":\"glibc\"})",
    "prefix": "/home/luke/Projects/themes/silence/silence"
  },
  "31 debug pnpm:skipped-optional-dependency": {
    "details": "Error: Unsupported platform for /esbuild-linux-riscv64/0.14.48: wanted {\"cpu\":[\"riscv64\"],\"os\":[\"linux\"],\"libc\":[\"any\"]} (current: {\"os\":\"linux\",\"cpu\":\"x64\",\"libc\":\"glibc\"})",
    "package": {
      "id": "/esbuild-linux-riscv64/0.14.48",
      "name": "esbuild-linux-riscv64",
      "version": "0.14.48"
    },
    "prefix": "/home/luke/Projects/themes/silence/silence",
    "reason": "unsupported_platform"
  },
  "32 warn pnpm:install-check": {
    "message": "Unsupported platform for /esbuild-linux-s390x/0.14.48: wanted {\"cpu\":[\"s390x\"],\"os\":[\"linux\"],\"libc\":[\"any\"]} (current: {\"os\":\"linux\",\"cpu\":\"x64\",\"libc\":\"glibc\"})",
    "prefix": "/home/luke/Projects/themes/silence/silence"
  },
  "33 debug pnpm:skipped-optional-dependency": {
    "details": "Error: Unsupported platform for /esbuild-linux-s390x/0.14.48: wanted {\"cpu\":[\"s390x\"],\"os\":[\"linux\"],\"libc\":[\"any\"]} (current: {\"os\":\"linux\",\"cpu\":\"x64\",\"libc\":\"glibc\"})",
    "package": {
      "id": "/esbuild-linux-s390x/0.14.48",
      "name": "esbuild-linux-s390x",
      "version": "0.14.48"
    },
    "prefix": "/home/luke/Projects/themes/silence/silence",
    "reason": "unsupported_platform"
  },
  "34 warn pnpm:install-check": {
    "message": "Unsupported platform for /esbuild-netbsd-64/0.14.48: wanted {\"cpu\":[\"x64\"],\"os\":[\"netbsd\"],\"libc\":[\"any\"]} (current: {\"os\":\"linux\",\"cpu\":\"x64\",\"libc\":\"glibc\"})",
    "prefix": "/home/luke/Projects/themes/silence/silence"
  },
  "35 debug pnpm:skipped-optional-dependency": {
    "details": "Error: Unsupported platform for /esbuild-netbsd-64/0.14.48: wanted {\"cpu\":[\"x64\"],\"os\":[\"netbsd\"],\"libc\":[\"any\"]} (current: {\"os\":\"linux\",\"cpu\":\"x64\",\"libc\":\"glibc\"})",
    "package": {
      "id": "/esbuild-netbsd-64/0.14.48",
      "name": "esbuild-netbsd-64",
      "version": "0.14.48"
    },
    "prefix": "/home/luke/Projects/themes/silence/silence",
    "reason": "unsupported_platform"
  },
  "36 warn pnpm:install-check": {
    "message": "Unsupported platform for /esbuild-openbsd-64/0.14.48: wanted {\"cpu\":[\"x64\"],\"os\":[\"openbsd\"],\"libc\":[\"any\"]} (current: {\"os\":\"linux\",\"cpu\":\"x64\",\"libc\":\"glibc\"})",
    "prefix": "/home/luke/Projects/themes/silence/silence"
  },
  "37 debug pnpm:skipped-optional-dependency": {
    "details": "Error: Unsupported platform for /esbuild-openbsd-64/0.14.48: wanted {\"cpu\":[\"x64\"],\"os\":[\"openbsd\"],\"libc\":[\"any\"]} (current: {\"os\":\"linux\",\"cpu\":\"x64\",\"libc\":\"glibc\"})",
    "package": {
      "id": "/esbuild-openbsd-64/0.14.48",
      "name": "esbuild-openbsd-64",
      "version": "0.14.48"
    },
    "prefix": "/home/luke/Projects/themes/silence/silence",
    "reason": "unsupported_platform"
  },
  "38 warn pnpm:install-check": {
    "message": "Unsupported platform for /esbuild-sunos-64/0.14.48: wanted {\"cpu\":[\"x64\"],\"os\":[\"sunos\"],\"libc\":[\"any\"]} (current: {\"os\":\"linux\",\"cpu\":\"x64\",\"libc\":\"glibc\"})",
    "prefix": "/home/luke/Projects/themes/silence/silence"
  },
  "39 debug pnpm:skipped-optional-dependency": {
    "details": "Error: Unsupported platform for /esbuild-sunos-64/0.14.48: wanted {\"cpu\":[\"x64\"],\"os\":[\"sunos\"],\"libc\":[\"any\"]} (current: {\"os\":\"linux\",\"cpu\":\"x64\",\"libc\":\"glibc\"})",
    "package": {
      "id": "/esbuild-sunos-64/0.14.48",
      "name": "esbuild-sunos-64",
      "version": "0.14.48"
    },
    "prefix": "/home/luke/Projects/themes/silence/silence",
    "reason": "unsupported_platform"
  },
  "40 warn pnpm:install-check": {
    "message": "Unsupported platform for /esbuild-windows-32/0.14.48: wanted {\"cpu\":[\"ia32\"],\"os\":[\"win32\"],\"libc\":[\"any\"]} (current: {\"os\":\"linux\",\"cpu\":\"x64\",\"libc\":\"glibc\"})",
    "prefix": "/home/luke/Projects/themes/silence/silence"
  },
  "41 debug pnpm:skipped-optional-dependency": {
    "details": "Error: Unsupported platform for /esbuild-windows-32/0.14.48: wanted {\"cpu\":[\"ia32\"],\"os\":[\"win32\"],\"libc\":[\"any\"]} (current: {\"os\":\"linux\",\"cpu\":\"x64\",\"libc\":\"glibc\"})",
    "package": {
      "id": "/esbuild-windows-32/0.14.48",
      "name": "esbuild-windows-32",
      "version": "0.14.48"
    },
    "prefix": "/home/luke/Projects/themes/silence/silence",
    "reason": "unsupported_platform"
  },
  "42 warn pnpm:install-check": {
    "message": "Unsupported platform for /esbuild-windows-64/0.14.48: wanted {\"cpu\":[\"x64\"],\"os\":[\"win32\"],\"libc\":[\"any\"]} (current: {\"os\":\"linux\",\"cpu\":\"x64\",\"libc\":\"glibc\"})",
    "prefix": "/home/luke/Projects/themes/silence/silence"
  },
  "43 debug pnpm:skipped-optional-dependency": {
    "details": "Error: Unsupported platform for /esbuild-windows-64/0.14.48: wanted {\"cpu\":[\"x64\"],\"os\":[\"win32\"],\"libc\":[\"any\"]} (current: {\"os\":\"linux\",\"cpu\":\"x64\",\"libc\":\"glibc\"})",
    "package": {
      "id": "/esbuild-windows-64/0.14.48",
      "name": "esbuild-windows-64",
      "version": "0.14.48"
    },
    "prefix": "/home/luke/Projects/themes/silence/silence",
    "reason": "unsupported_platform"
  },
  "44 warn pnpm:install-check": {
    "message": "Unsupported platform for /esbuild-windows-arm64/0.14.48: wanted {\"cpu\":[\"arm64\"],\"os\":[\"win32\"],\"libc\":[\"any\"]} (current: {\"os\":\"linux\",\"cpu\":\"x64\",\"libc\":\"glibc\"})",
    "prefix": "/home/luke/Projects/themes/silence/silence"
  },
  "45 debug pnpm:skipped-optional-dependency": {
    "details": "Error: Unsupported platform for /esbuild-windows-arm64/0.14.48: wanted {\"cpu\":[\"arm64\"],\"os\":[\"win32\"],\"libc\":[\"any\"]} (current: {\"os\":\"linux\",\"cpu\":\"x64\",\"libc\":\"glibc\"})",
    "package": {
      "id": "/esbuild-windows-arm64/0.14.48",
      "name": "esbuild-windows-arm64",
      "version": "0.14.48"
    },
    "prefix": "/home/luke/Projects/themes/silence/silence",
    "reason": "unsupported_platform"
  },
  "46 warn pnpm:install-check": {
    "message": "Unsupported engine for /@sveltejs/kit/1.0.0-next.361_svelte@3.49.0+vite@2.9.13: wanted: {\"node\":\">=16.9\"} (current: {\"node\":\"v16.7.0\",\"pnpm\":\"7.5.0\"})",
    "prefix": "/home/luke/Projects/themes/silence/silence"
  },
  "47 error pnpm": {
    "code": "ERR_PNPM_UNSUPPORTED_ENGINE",
    "packageId": "/@sveltejs/kit/1.0.0-next.361_svelte@3.49.0+vite@2.9.13",
    "wanted": {
      "node": ">=16.9"
    },
    "current": {
      "node": "v16.7.0",
      "pnpm": "7.5.0"
    },
    "err": {
      "name": "pnpm",
      "message": "Unsupported engine for /@sveltejs/kit/1.0.0-next.361_svelte@3.49.0+vite@2.9.13: wanted: {\"node\":\">=16.9\"} (current: {\"node\":\"v16.7.0\",\"pnpm\":\"7.5.0\"})",
      "code": "ERR_PNPM_UNSUPPORTED_ENGINE",
      "stack": "pnpm: Unsupported engine for /@sveltejs/kit/1.0.0-next.361_svelte@3.49.0+vite@2.9.13: wanted: {\"node\":\">=16.9\"} (current: {\"node\":\"v16.7.0\",\"pnpm\":\"7.5.0\"})\n    at checkEngine (/home/luke/.local/share/pnpm/global/5/.pnpm/pnpm@7.5.0/node_modules/pnpm/dist/pnpm.cjs:43094:16)\n    at checkPackage (/home/luke/.local/share/pnpm/global/5/.pnpm/pnpm@7.5.0/node_modules/pnpm/dist/pnpm.cjs:43677:74)\n    at packageIsInstallable (/home/luke/.local/share/pnpm/global/5/.pnpm/pnpm@7.5.0/node_modules/pnpm/dist/pnpm.cjs:43647:20)\n    at pkgAllDeps (/home/luke/.local/share/pnpm/global/5/.pnpm/pnpm@7.5.0/node_modules/pnpm/dist/pnpm.cjs:115768:98)\n    at pickPkgsWithAllDeps (/home/luke/.local/share/pnpm/global/5/.pnpm/pnpm@7.5.0/node_modules/pnpm/dist/pnpm.cjs:115739:7)\n    at filterByImportersAndEngine (/home/luke/.local/share/pnpm/global/5/.pnpm/pnpm@7.5.0/node_modules/pnpm/dist/pnpm.cjs:115709:52)\n    at exports2.default (/home/luke/.local/share/pnpm/global/5/.pnpm/pnpm@7.5.0/node_modules/pnpm/dist/pnpm.cjs:120679:89)\n    at async _install (/home/luke/.local/share/pnpm/global/5/.pnpm/pnpm@7.5.0/node_modules/pnpm/dist/pnpm.cjs:126116:15)\n    at async mutateModules (/home/luke/.local/share/pnpm/global/5/.pnpm/pnpm@7.5.0/node_modules/pnpm/dist/pnpm.cjs:126041:23)\n    at async install (/home/luke/.local/share/pnpm/global/5/.pnpm/pnpm@7.5.0/node_modules/pnpm/dist/pnpm.cjs:125999:24)"
    }
  }
}